ERROR - 2024-06-03 09:01:56 --> Error connecting to the database: mysqli_sql_exception: Access denied for user 'u294153684_magical_rcrg'@'localhost' (using password: YES) in D:\xampp\htdocs\hitesh\ci\magical-recharge-admin\vendor\codeigniter4\framework\system\Database\MySQLi\Connection.php:185
Stack trace:
#0 D:\xampp\htdocs\hitesh\ci\magical-recharge-admin\vendor\codeigniter4\framework\system\Database\MySQLi\Connection.php(185): mysqli->real_connect('localhost', 'u294153684_magi...', '3Eh?f0Q=9:', 'u294153684_magi...', 3306, '', 0)
#1 D:\xampp\htdocs\hitesh\ci\magical-recharge-admin\vendor\codeigniter4\framework\system\Database\BaseConnection.php(392): CodeIgniter\Database\MySQLi\Connection->connect(false)
#2 D:\xampp\htdocs\hitesh\ci\magical-recharge-admin\vendor\codeigniter4\framework\system\Database\BaseConnection.php(575): CodeIgniter\Database\BaseConnection->initialize()
#3 D:\xampp\htdocs\hitesh\ci\magical-recharge-admin\vendor\codeigniter4\framework\system\Database\BaseBuilder.php(1616): CodeIgniter\Database\BaseConnection->query('SELECT *\nFROM `...', Array, false)
#4 D:\xampp\htdocs\hitesh\ci\magical-recharge-admin\vendor\codeigniter4\framework\system\Model.php(271): CodeIgniter\Database\BaseBuilder->get()
#5 D:\xampp\htdocs\hitesh\ci\magical-recharge-admin\vendor\codeigniter4\framework\system\BaseModel.php(679): CodeIgniter\Model->doFirst()
#6 D:\xampp\htdocs\hitesh\ci\magical-recharge-admin\app\Controllers\LoginController.php(44): CodeIgniter\BaseModel->first()
#7 D:\xampp\htdocs\hitesh\ci\magical-recharge-admin\vendor\codeigniter4\framework\system\CodeIgniter.php(943): App\Controllers\LoginController->login()
#8 D:\xampp\htdocs\hitesh\ci\magical-recharge-admin\vendor\codeigniter4\framework\system\CodeIgniter.php(503): CodeIgniter\CodeIgniter->runController(Object(App\Controllers\LoginController))
#9 D:\xampp\htdocs\hitesh\ci\magical-recharge-admin\vendor\codeigniter4\framework\system\CodeIgniter.php(361): CodeIgniter\CodeIgniter->handleRequest(NULL, Object(Config\Cache), false)
#10 D:\xampp\htdocs\hitesh\ci\magical-recharge-admin\index.php(79): CodeIgniter\CodeIgniter->run()
#11 {main}

Next CodeIgniter\Database\Exceptions\DatabaseException: Access denied for user '****'@'localhost' (using password: YES) in D:\xampp\htdocs\hitesh\ci\magical-recharge-admin\vendor\codeigniter4\framework\system\Database\MySQLi\Connection.php:229
Stack trace:
#0 D:\xampp\htdocs\hitesh\ci\magical-recharge-admin\vendor\codeigniter4\framework\system\Database\BaseConnection.php(392): CodeIgniter\Database\MySQLi\Connection->connect(false)
#1 D:\xampp\htdocs\hitesh\ci\magical-recharge-admin\vendor\codeigniter4\framework\system\Database\BaseConnection.php(575): CodeIgniter\Database\BaseConnection->initialize()
#2 D:\xampp\htdocs\hitesh\ci\magical-recharge-admin\vendor\codeigniter4\framework\system\Database\BaseBuilder.php(1616): CodeIgniter\Database\BaseConnection->query('SELECT *\nFROM `...', Array, false)
#3 D:\xampp\htdocs\hitesh\ci\magical-recharge-admin\vendor\codeigniter4\framework\system\Model.php(271): CodeIgniter\Database\BaseBuilder->get()
#4 D:\xampp\htdocs\hitesh\ci\magical-recharge-admin\vendor\codeigniter4\framework\system\BaseModel.php(679): CodeIgniter\Model->doFirst()
#5 D:\xampp\htdocs\hitesh\ci\magical-recharge-admin\app\Controllers\LoginController.php(44): CodeIgniter\BaseModel->first()
#6 D:\xampp\htdocs\hitesh\ci\magical-recharge-admin\vendor\codeigniter4\framework\system\CodeIgniter.php(943): App\Controllers\LoginController->login()
#7 D:\xampp\htdocs\hitesh\ci\magical-recharge-admin\vendor\codeigniter4\framework\system\CodeIgniter.php(503): CodeIgniter\CodeIgniter->runController(Object(App\Controllers\LoginController))
#8 D:\xampp\htdocs\hitesh\ci\magical-recharge-admin\vendor\codeigniter4\framework\system\CodeIgniter.php(361): CodeIgniter\CodeIgniter->handleRequest(NULL, Object(Config\Cache), false)
#9 D:\xampp\htdocs\hitesh\ci\magical-recharge-admin\index.php(79): CodeIgniter\CodeIgniter->run()
#10 {main}
CRITICAL - 2024-06-03 09:01:56 --> CodeIgniter\Database\Exceptions\DatabaseException: Unable to connect to the database.
Main connection [MySQLi]: Access denied for user '****'@'localhost' (using password: YES)
in SYSTEMPATH\Database\BaseConnection.php on line 428.
 1 SYSTEMPATH\Database\BaseConnection.php(575): CodeIgniter\Database\BaseConnection->initialize()
 2 SYSTEMPATH\Database\BaseBuilder.php(1616): CodeIgniter\Database\BaseConnection->query('SELECT *
FROM `tbl_admin`
WHERE `admin_email_address` = :admin_email_address:
AND `admin_status` = :admin_status:
 LIMIT 1', [...], false)
 3 SYSTEMPATH\Model.php(271): CodeIgniter\Database\BaseBuilder->get()
 4 SYSTEMPATH\BaseModel.php(679): CodeIgniter\Model->doFirst()
 5 APPPATH\Controllers\LoginController.php(44): CodeIgniter\BaseModel->first()
 6 SYSTEMPATH\CodeIgniter.php(943): App\Controllers\LoginController->login()
 7 SYSTEMPATH\CodeIgniter.php(503): CodeIgniter\CodeIgniter->runController(Object(App\Controllers\LoginController))
 8 SYSTEMPATH\CodeIgniter.php(361): CodeIgniter\CodeIgniter->handleRequest(null, Object(Config\Cache), false)
 9 FCPATH\index.php(79): CodeIgniter\CodeIgniter->run()
CRITICAL - 2024-06-03 09:05:36 --> ErrorException: Undefined array key "user_shop_name"
in APPPATH\Controllers\UserController.php on line 122.
 1 APPPATH\Controllers\UserController.php(122): CodeIgniter\Debug\Exceptions->errorHandler(2, 'Undefined array key "user_shop_name"', 'D:\\xampp\\htdocs\\hitesh\\ci\\magical-recharge-admin\\app\\Controllers\\UserController.php', 122)
 2 SYSTEMPATH\CodeIgniter.php(943): App\Controllers\UserController->get_ajax_user_list()
 3 SYSTEMPATH\CodeIgniter.php(503): CodeIgniter\CodeIgniter->runController(Object(App\Controllers\UserController))
 4 SYSTEMPATH\CodeIgniter.php(361): CodeIgniter\CodeIgniter->handleRequest(null, Object(Config\Cache), false)
 5 FCPATH\index.php(79): CodeIgniter\CodeIgniter->run()
INFO - 2024-06-03 09:08:07 --> Session: Class initialized using 'CodeIgniter\Session\Handlers\FileHandler' driver.
INFO - 2024-06-03 09:08:08 --> CSRF token verified.
INFO - 2024-06-03 09:08:08 --> Session: Class initialized using 'CodeIgniter\Session\Handlers\FileHandler' driver.
CRITICAL - 2024-06-03 09:08:08 --> ErrorException: Undefined array key "user_shop_name"
in APPPATH\Controllers\UserController.php on line 122.
 1 APPPATH\Controllers\UserController.php(122): CodeIgniter\Debug\Exceptions->errorHandler(2, 'Undefined array key "user_shop_name"', 'D:\\xampp\\htdocs\\hitesh\\ci\\magical-recharge-admin\\app\\Controllers\\UserController.php', 122)
 2 SYSTEMPATH\CodeIgniter.php(943): App\Controllers\UserController->get_ajax_user_list()
 3 SYSTEMPATH\CodeIgniter.php(503): CodeIgniter\CodeIgniter->runController(Object(App\Controllers\UserController))
 4 SYSTEMPATH\CodeIgniter.php(361): CodeIgniter\CodeIgniter->handleRequest(null, Object(Config\Cache), false)
 5 FCPATH\index.php(79): CodeIgniter\CodeIgniter->run()
INFO - 2024-06-03 09:15:40 --> Session: Class initialized using 'CodeIgniter\Session\Handlers\FileHandler' driver.
INFO - 2024-06-03 09:15:41 --> CSRF token verified.
INFO - 2024-06-03 09:15:41 --> Session: Class initialized using 'CodeIgniter\Session\Handlers\FileHandler' driver.
INFO - 2024-06-03 09:15:50 --> Session: Class initialized using 'CodeIgniter\Session\Handlers\FileHandler' driver.
INFO - 2024-06-03 09:17:16 --> Session: Class initialized using 'CodeIgniter\Session\Handlers\FileHandler' driver.
INFO - 2024-06-03 09:17:16 --> CSRF token verified.
INFO - 2024-06-03 09:17:16 --> Session: Class initialized using 'CodeIgniter\Session\Handlers\FileHandler' driver.
INFO - 2024-06-03 09:17:17 --> Session: Class initialized using 'CodeIgniter\Session\Handlers\FileHandler' driver.
CRITICAL - 2024-06-03 09:17:17 --> ErrorException: Undefined array key "user_country_id"
in APPPATH\Controllers\UserController.php on line 324.
 1 APPPATH\Controllers\UserController.php(324): CodeIgniter\Debug\Exceptions->errorHandler(2, 'Undefined array key "user_country_id"', 'D:\\xampp\\htdocs\\hitesh\\ci\\magical-recharge-admin\\app\\Controllers\\UserController.php', 324)
 2 SYSTEMPATH\CodeIgniter.php(943): App\Controllers\UserController->select_user('1')
 3 SYSTEMPATH\CodeIgniter.php(503): CodeIgniter\CodeIgniter->runController(Object(App\Controllers\UserController))
 4 SYSTEMPATH\CodeIgniter.php(361): CodeIgniter\CodeIgniter->handleRequest(null, Object(Config\Cache), false)
 5 FCPATH\index.php(79): CodeIgniter\CodeIgniter->run()
INFO - 2024-06-03 09:17:20 --> Session: Class initialized using 'CodeIgniter\Session\Handlers\FileHandler' driver.
INFO - 2024-06-03 09:17:20 --> CSRF token verified.
INFO - 2024-06-03 09:17:20 --> Session: Class initialized using 'CodeIgniter\Session\Handlers\FileHandler' driver.
INFO - 2024-06-03 09:17:45 --> Session: Class initialized using 'CodeIgniter\Session\Handlers\FileHandler' driver.
INFO - 2024-06-03 09:18:19 --> Session: Class initialized using 'CodeIgniter\Session\Handlers\FileHandler' driver.
INFO - 2024-06-03 09:18:34 --> Session: Class initialized using 'CodeIgniter\Session\Handlers\FileHandler' driver.
INFO - 2024-06-03 09:20:05 --> Session: Class initialized using 'CodeIgniter\Session\Handlers\FileHandler' driver.
INFO - 2024-06-03 09:26:06 --> Session: Class initialized using 'CodeIgniter\Session\Handlers\FileHandler' driver.
INFO - 2024-06-03 09:26:20 --> Session: Class initialized using 'CodeIgniter\Session\Handlers\FileHandler' driver.
INFO - 2024-06-03 09:28:21 --> Session: Class initialized using 'CodeIgniter\Session\Handlers\FileHandler' driver.
INFO - 2024-06-03 09:28:59 --> Session: Class initialized using 'CodeIgniter\Session\Handlers\FileHandler' driver.
INFO - 2024-06-03 09:29:15 --> Session: Class initialized using 'CodeIgniter\Session\Handlers\FileHandler' driver.
INFO - 2024-06-03 09:29:16 --> CSRF token verified.
INFO - 2024-06-03 09:29:16 --> Session: Class initialized using 'CodeIgniter\Session\Handlers\FileHandler' driver.
INFO - 2024-06-03 09:29:24 --> Session: Class initialized using 'CodeIgniter\Session\Handlers\FileHandler' driver.
INFO - 2024-06-03 09:32:23 --> Session: Class initialized using 'CodeIgniter\Session\Handlers\FileHandler' driver.
INFO - 2024-06-03 09:33:09 --> Session: Class initialized using 'CodeIgniter\Session\Handlers\FileHandler' driver.
INFO - 2024-06-03 09:33:57 --> Session: Class initialized using 'CodeIgniter\Session\Handlers\FileHandler' driver.
INFO - 2024-06-03 09:36:21 --> Session: Class initialized using 'CodeIgniter\Session\Handlers\FileHandler' driver.
INFO - 2024-06-03 09:36:22 --> CSRF token verified.
INFO - 2024-06-03 09:36:22 --> Session: Class initialized using 'CodeIgniter\Session\Handlers\FileHandler' driver.
INFO - 2024-06-03 09:36:23 --> Session: Class initialized using 'CodeIgniter\Session\Handlers\FileHandler' driver.
CRITICAL - 2024-06-03 09:36:23 --> ErrorException: Undefined array key "user_country_id"
in APPPATH\Controllers\UserController.php on line 324.
 1 APPPATH\Controllers\UserController.php(324): CodeIgniter\Debug\Exceptions->errorHandler(2, 'Undefined array key "user_country_id"', 'D:\\xampp\\htdocs\\hitesh\\ci\\magical-recharge-admin\\app\\Controllers\\UserController.php', 324)
 2 SYSTEMPATH\CodeIgniter.php(943): App\Controllers\UserController->select_user('1')
 3 SYSTEMPATH\CodeIgniter.php(503): CodeIgniter\CodeIgniter->runController(Object(App\Controllers\UserController))
 4 SYSTEMPATH\CodeIgniter.php(361): CodeIgniter\CodeIgniter->handleRequest(null, Object(Config\Cache), false)
 5 FCPATH\index.php(79): CodeIgniter\CodeIgniter->run()
INFO - 2024-06-03 09:38:18 --> Session: Class initialized using 'CodeIgniter\Session\Handlers\FileHandler' driver.
CRITICAL - 2024-06-03 09:38:18 --> ErrorException: Undefined array key "user_country_id"
in APPPATH\Controllers\UserController.php on line 324.
 1 APPPATH\Controllers\UserController.php(324): CodeIgniter\Debug\Exceptions->errorHandler(2, 'Undefined array key "user_country_id"', 'D:\\xampp\\htdocs\\hitesh\\ci\\magical-recharge-admin\\app\\Controllers\\UserController.php', 324)
 2 SYSTEMPATH\CodeIgniter.php(943): App\Controllers\UserController->select_user('1')
 3 SYSTEMPATH\CodeIgniter.php(503): CodeIgniter\CodeIgniter->runController(Object(App\Controllers\UserController))
 4 SYSTEMPATH\CodeIgniter.php(361): CodeIgniter\CodeIgniter->handleRequest(null, Object(Config\Cache), false)
 5 FCPATH\index.php(79): CodeIgniter\CodeIgniter->run()
INFO - 2024-06-03 09:40:20 --> Session: Class initialized using 'CodeIgniter\Session\Handlers\FileHandler' driver.
INFO - 2024-06-03 10:06:17 --> Session: Class initialized using 'CodeIgniter\Session\Handlers\FileHandler' driver.
INFO - 2024-06-03 10:06:25 --> CSRF token verified.
INFO - 2024-06-03 10:06:25 --> Session: Class initialized using 'CodeIgniter\Session\Handlers\FileHandler' driver.
INFO - 2024-06-03 10:06:29 --> Session: Class initialized using 'CodeIgniter\Session\Handlers\FileHandler' driver.
INFO - 2024-06-03 10:06:29 --> CSRF token verified.
INFO - 2024-06-03 10:06:29 --> Session: Class initialized using 'CodeIgniter\Session\Handlers\FileHandler' driver.
INFO - 2024-06-03 10:09:39 --> Session: Class initialized using 'CodeIgniter\Session\Handlers\FileHandler' driver.
INFO - 2024-06-03 10:09:45 --> CSRF token verified.
INFO - 2024-06-03 10:09:45 --> Session: Class initialized using 'CodeIgniter\Session\Handlers\FileHandler' driver.
INFO - 2024-06-03 10:09:48 --> Session: Class initialized using 'CodeIgniter\Session\Handlers\FileHandler' driver.
INFO - 2024-06-03 10:09:49 --> CSRF token verified.
INFO - 2024-06-03 10:09:49 --> Session: Class initialized using 'CodeIgniter\Session\Handlers\FileHandler' driver.
INFO - 2024-06-03 10:10:33 --> Session: Class initialized using 'CodeIgniter\Session\Handlers\FileHandler' driver.
INFO - 2024-06-03 10:10:53 --> CSRF token verified.
INFO - 2024-06-03 10:10:53 --> Session: Class initialized using 'CodeIgniter\Session\Handlers\FileHandler' driver.
INFO - 2024-06-03 10:11:25 --> CSRF token verified.
INFO - 2024-06-03 10:11:25 --> Session: Class initialized using 'CodeIgniter\Session\Handlers\FileHandler' driver.
INFO - 2024-06-03 10:11:28 --> Session: Class initialized using 'CodeIgniter\Session\Handlers\FileHandler' driver.
INFO - 2024-06-03 10:11:28 --> CSRF token verified.
INFO - 2024-06-03 10:11:28 --> Session: Class initialized using 'CodeIgniter\Session\Handlers\FileHandler' driver.
INFO - 2024-06-03 10:13:16 --> Session: Class initialized using 'CodeIgniter\Session\Handlers\FileHandler' driver.
INFO - 2024-06-03 10:13:16 --> CSRF token verified.
INFO - 2024-06-03 10:13:16 --> Session: Class initialized using 'CodeIgniter\Session\Handlers\FileHandler' driver.
INFO - 2024-06-03 10:13:50 --> Session: Class initialized using 'CodeIgniter\Session\Handlers\FileHandler' driver.
INFO - 2024-06-03 10:13:51 --> CSRF token verified.
INFO - 2024-06-03 10:13:51 --> Session: Class initialized using 'CodeIgniter\Session\Handlers\FileHandler' driver.
INFO - 2024-06-03 10:15:49 --> Session: Class initialized using 'CodeIgniter\Session\Handlers\FileHandler' driver.
INFO - 2024-06-03 10:15:50 --> CSRF token verified.
INFO - 2024-06-03 10:15:50 --> Session: Class initialized using 'CodeIgniter\Session\Handlers\FileHandler' driver.
INFO - 2024-06-03 10:16:45 --> Session: Class initialized using 'CodeIgniter\Session\Handlers\FileHandler' driver.
INFO - 2024-06-03 10:16:46 --> CSRF token verified.
INFO - 2024-06-03 10:16:46 --> Session: Class initialized using 'CodeIgniter\Session\Handlers\FileHandler' driver.
INFO - 2024-06-03 10:16:58 --> Session: Class initialized using 'CodeIgniter\Session\Handlers\FileHandler' driver.
INFO - 2024-06-03 10:16:58 --> CSRF token verified.
INFO - 2024-06-03 10:16:58 --> Session: Class initialized using 'CodeIgniter\Session\Handlers\FileHandler' driver.
INFO - 2024-06-03 10:17:01 --> Session: Class initialized using 'CodeIgniter\Session\Handlers\FileHandler' driver.
INFO - 2024-06-03 10:17:01 --> CSRF token verified.
INFO - 2024-06-03 10:17:01 --> Session: Class initialized using 'CodeIgniter\Session\Handlers\FileHandler' driver.
INFO - 2024-06-03 10:17:02 --> Session: Class initialized using 'CodeIgniter\Session\Handlers\FileHandler' driver.
INFO - 2024-06-03 10:17:03 --> CSRF token verified.
INFO - 2024-06-03 10:17:03 --> Session: Class initialized using 'CodeIgniter\Session\Handlers\FileHandler' driver.
INFO - 2024-06-03 10:17:04 --> Session: Class initialized using 'CodeIgniter\Session\Handlers\FileHandler' driver.
INFO - 2024-06-03 10:17:08 --> Session: Class initialized using 'CodeIgniter\Session\Handlers\FileHandler' driver.
INFO - 2024-06-03 10:17:09 --> CSRF token verified.
INFO - 2024-06-03 10:17:09 --> Session: Class initialized using 'CodeIgniter\Session\Handlers\FileHandler' driver.
INFO - 2024-06-03 10:17:09 --> Session: Class initialized using 'CodeIgniter\Session\Handlers\FileHandler' driver.
INFO - 2024-06-03 10:17:10 --> CSRF token verified.
INFO - 2024-06-03 10:17:10 --> Session: Class initialized using 'CodeIgniter\Session\Handlers\FileHandler' driver.
INFO - 2024-06-03 10:17:11 --> Session: Class initialized using 'CodeIgniter\Session\Handlers\FileHandler' driver.
INFO - 2024-06-03 10:17:16 --> Session: Class initialized using 'CodeIgniter\Session\Handlers\FileHandler' driver.
INFO - 2024-06-03 10:17:17 --> CSRF token verified.
INFO - 2024-06-03 10:17:17 --> Session: Class initialized using 'CodeIgniter\Session\Handlers\FileHandler' driver.
INFO - 2024-06-03 10:17:23 --> Session: Class initialized using 'CodeIgniter\Session\Handlers\FileHandler' driver.
INFO - 2024-06-03 10:17:26 --> CSRF token verified.
INFO - 2024-06-03 10:17:26 --> Session: Class initialized using 'CodeIgniter\Session\Handlers\FileHandler' driver.
INFO - 2024-06-03 10:17:29 --> Session: Class initialized using 'CodeIgniter\Session\Handlers\FileHandler' driver.
INFO - 2024-06-03 10:17:29 --> CSRF token verified.
INFO - 2024-06-03 10:17:29 --> Session: Class initialized using 'CodeIgniter\Session\Handlers\FileHandler' driver.
INFO - 2024-06-03 10:17:31 --> Session: Class initialized using 'CodeIgniter\Session\Handlers\FileHandler' driver.
INFO - 2024-06-03 10:17:31 --> CSRF token verified.
INFO - 2024-06-03 10:17:31 --> Session: Class initialized using 'CodeIgniter\Session\Handlers\FileHandler' driver.
CRITICAL - 2024-06-03 10:17:31 --> ErrorException: Undefined array key "user_shop_name"
in APPPATH\Controllers\UserController.php on line 500.
 1 APPPATH\Controllers\UserController.php(500): CodeIgniter\Debug\Exceptions->errorHandler(2, 'Undefined array key "user_shop_name"', 'D:\\xampp\\htdocs\\hitesh\\ci\\magical-recharge-admin\\app\\Controllers\\UserController.php', 500)
 2 SYSTEMPATH\CodeIgniter.php(943): App\Controllers\UserController->get_ajax_user_deactive_list()
 3 SYSTEMPATH\CodeIgniter.php(503): CodeIgniter\CodeIgniter->runController(Object(App\Controllers\UserController))
 4 SYSTEMPATH\CodeIgniter.php(361): CodeIgniter\CodeIgniter->handleRequest(null, Object(Config\Cache), false)
 5 FCPATH\index.php(79): CodeIgniter\CodeIgniter->run()
INFO - 2024-06-03 10:19:21 --> Session: Class initialized using 'CodeIgniter\Session\Handlers\FileHandler' driver.
INFO - 2024-06-03 10:19:21 --> CSRF token verified.
INFO - 2024-06-03 10:19:21 --> Session: Class initialized using 'CodeIgniter\Session\Handlers\FileHandler' driver.
INFO - 2024-06-03 10:20:27 --> Session: Class initialized using 'CodeIgniter\Session\Handlers\FileHandler' driver.
