ERROR - 2024-06-02 13:07:03 --> Error connecting to the database: mysqli_sql_exception: Access denied for user 'u294153684_magical_rcrg'@'localhost' (using password: YES) in D:\xampp\htdocs\hitesh\ci\magical-recharge-admin\vendor\codeigniter4\framework\system\Database\MySQLi\Connection.php:185
Stack trace:
#0 D:\xampp\htdocs\hitesh\ci\magical-recharge-admin\vendor\codeigniter4\framework\system\Database\MySQLi\Connection.php(185): mysqli->real_connect('localhost', 'u294153684_magi...', '3Eh?f0Q=9:', 'u294153684_magi...', 3306, '', 0)
#1 D:\xampp\htdocs\hitesh\ci\magical-recharge-admin\vendor\codeigniter4\framework\system\Database\BaseConnection.php(392): CodeIgniter\Database\MySQLi\Connection->connect(false)
#2 D:\xampp\htdocs\hitesh\ci\magical-recharge-admin\vendor\codeigniter4\framework\system\Database\BaseConnection.php(575): CodeIgniter\Database\BaseConnection->initialize()
#3 D:\xampp\htdocs\hitesh\ci\magical-recharge-admin\vendor\codeigniter4\framework\system\Database\BaseBuilder.php(1616): CodeIgniter\Database\BaseConnection->query('SELECT 1\nFROM `...', Array, false)
#4 D:\xampp\htdocs\hitesh\ci\magical-recharge-admin\vendor\codeigniter4\framework\system\Validation\StrictRules\Rules.php(227): CodeIgniter\Database\BaseBuilder->get()
#5 D:\xampp\htdocs\hitesh\ci\magical-recharge-admin\vendor\codeigniter4\framework\system\Validation\Validation.php(328): CodeIgniter\Validation\StrictRules\Rules->is_unique('9904613123', 'user_mobile_num...', Array, NULL, 'mobile_number')
#6 D:\xampp\htdocs\hitesh\ci\magical-recharge-admin\vendor\codeigniter4\framework\system\Validation\Validation.php(200): CodeIgniter\Validation\Validation->processRules('mobile_number', 'mobile_number', '9904613123', Array, Array)
#7 D:\xampp\htdocs\hitesh\ci\magical-recharge-admin\vendor\codeigniter4\framework\system\Controller.php(154): CodeIgniter\Validation\Validation->run()
#8 D:\xampp\htdocs\hitesh\ci\magical-recharge-admin\app\Controllers\Api\ApiController.php(22): CodeIgniter\Controller->validate(Array)
#9 D:\xampp\htdocs\hitesh\ci\magical-recharge-admin\vendor\codeigniter4\framework\system\CodeIgniter.php(943): App\Controllers\Api\ApiController->user_registration()
#10 D:\xampp\htdocs\hitesh\ci\magical-recharge-admin\vendor\codeigniter4\framework\system\CodeIgniter.php(503): CodeIgniter\CodeIgniter->runController(Object(App\Controllers\Api\ApiController))
#11 D:\xampp\htdocs\hitesh\ci\magical-recharge-admin\vendor\codeigniter4\framework\system\CodeIgniter.php(361): CodeIgniter\CodeIgniter->handleRequest(NULL, Object(Config\Cache), false)
#12 D:\xampp\htdocs\hitesh\ci\magical-recharge-admin\index.php(79): CodeIgniter\CodeIgniter->run()
#13 {main}

Next CodeIgniter\Database\Exceptions\DatabaseException: Access denied for user '****'@'localhost' (using password: YES) in D:\xampp\htdocs\hitesh\ci\magical-recharge-admin\vendor\codeigniter4\framework\system\Database\MySQLi\Connection.php:229
Stack trace:
#0 D:\xampp\htdocs\hitesh\ci\magical-recharge-admin\vendor\codeigniter4\framework\system\Database\BaseConnection.php(392): CodeIgniter\Database\MySQLi\Connection->connect(false)
#1 D:\xampp\htdocs\hitesh\ci\magical-recharge-admin\vendor\codeigniter4\framework\system\Database\BaseConnection.php(575): CodeIgniter\Database\BaseConnection->initialize()
#2 D:\xampp\htdocs\hitesh\ci\magical-recharge-admin\vendor\codeigniter4\framework\system\Database\BaseBuilder.php(1616): CodeIgniter\Database\BaseConnection->query('SELECT 1\nFROM `...', Array, false)
#3 D:\xampp\htdocs\hitesh\ci\magical-recharge-admin\vendor\codeigniter4\framework\system\Validation\StrictRules\Rules.php(227): CodeIgniter\Database\BaseBuilder->get()
#4 D:\xampp\htdocs\hitesh\ci\magical-recharge-admin\vendor\codeigniter4\framework\system\Validation\Validation.php(328): CodeIgniter\Validation\StrictRules\Rules->is_unique('9904613123', 'user_mobile_num...', Array, NULL, 'mobile_number')
#5 D:\xampp\htdocs\hitesh\ci\magical-recharge-admin\vendor\codeigniter4\framework\system\Validation\Validation.php(200): CodeIgniter\Validation\Validation->processRules('mobile_number', 'mobile_number', '9904613123', Array, Array)
#6 D:\xampp\htdocs\hitesh\ci\magical-recharge-admin\vendor\codeigniter4\framework\system\Controller.php(154): CodeIgniter\Validation\Validation->run()
#7 D:\xampp\htdocs\hitesh\ci\magical-recharge-admin\app\Controllers\Api\ApiController.php(22): CodeIgniter\Controller->validate(Array)
#8 D:\xampp\htdocs\hitesh\ci\magical-recharge-admin\vendor\codeigniter4\framework\system\CodeIgniter.php(943): App\Controllers\Api\ApiController->user_registration()
#9 D:\xampp\htdocs\hitesh\ci\magical-recharge-admin\vendor\codeigniter4\framework\system\CodeIgniter.php(503): CodeIgniter\CodeIgniter->runController(Object(App\Controllers\Api\ApiController))
#10 D:\xampp\htdocs\hitesh\ci\magical-recharge-admin\vendor\codeigniter4\framework\system\CodeIgniter.php(361): CodeIgniter\CodeIgniter->handleRequest(NULL, Object(Config\Cache), false)
#11 D:\xampp\htdocs\hitesh\ci\magical-recharge-admin\index.php(79): CodeIgniter\CodeIgniter->run()
#12 {main}
CRITICAL - 2024-06-02 13:07:03 --> CodeIgniter\Database\Exceptions\DatabaseException: Unable to connect to the database.
Main connection [MySQLi]: Access denied for user '****'@'localhost' (using password: YES)
in SYSTEMPATH\Database\BaseConnection.php on line 428.
 1 SYSTEMPATH\Database\BaseConnection.php(575): CodeIgniter\Database\BaseConnection->initialize()
 2 SYSTEMPATH\Database\BaseBuilder.php(1616): CodeIgniter\Database\BaseConnection->query('SELECT 1
FROM `tbl_user`
WHERE `user_mobile_number` = :user_mobile_number:
 LIMIT 1', [...], false)
 3 SYSTEMPATH\Validation\StrictRules\Rules.php(227): CodeIgniter\Database\BaseBuilder->get()
 4 SYSTEMPATH\Validation\Validation.php(328): CodeIgniter\Validation\StrictRules\Rules->is_unique('9904613123', 'user_mobile_number', [...], null, 'mobile_number')
 5 SYSTEMPATH\Validation\Validation.php(200): CodeIgniter\Validation\Validation->processRules('mobile_number', 'mobile_number', '9904613123', [...], [...])
 6 SYSTEMPATH\Controller.php(154): CodeIgniter\Validation\Validation->run()
 7 APPPATH\Controllers\Api\ApiController.php(22): CodeIgniter\Controller->validate([...])
 8 SYSTEMPATH\CodeIgniter.php(943): App\Controllers\Api\ApiController->user_registration()
 9 SYSTEMPATH\CodeIgniter.php(503): CodeIgniter\CodeIgniter->runController(Object(App\Controllers\Api\ApiController))
10 SYSTEMPATH\CodeIgniter.php(361): CodeIgniter\CodeIgniter->handleRequest(null, Object(Config\Cache), false)
11 FCPATH\index.php(79): CodeIgniter\CodeIgniter->run()
